\BOOKMARK [1][-]{Doc-Start}{\376\377\000L\036\335\000i\000\040\000n\000\363\000i\000\040\001\021\036\247\000u}{}% 1
\BOOKMARK [1][-]{section.1}{\376\377\000P\000H\036\246\000N\000\040\000I\000:\000\040\000X\000\301\000C\000\040\001\020\036\312\000N\000H\000\040\000C\000\301\000C\000\040\000Q\000U\000Y\000\040\000T\036\256\000C\000\040\000/\000\040\000R\000\300\000N\000G\000\040\000B\000U\036\330\000C\000\040\000V\000\300\000\040\000X\000\302\000Y\000\040\000D\036\360\000N\000G\000\040\000M\000\324\000\040\000H\000\314\000N\000H\000\040\000T\000H\036\360\000C\000\040\000T\000H\036\302\000\040\000L\000I\000\312\000N\000\040\000K\036\276\000T\000\040\000E\000R}{}% 2
\BOOKMARK [2][-]{subsection.1.1}{\376\377\000T\036\325\000n\000g\000\040\000q\000u\000a\000n\000\040\000h\036\307\000\040\000t\000h\036\321\000n\000g}{section.1}% 3
\BOOKMARK [2][-]{subsection.1.2}{\376\377\000C\000\341\000c\000\040\000q\000u\000y\000\040\000t\036\257\000c\000\040\000v\000\340\000\040\000r\000\340\000n\000g\000\040\000b\000u\036\331\000c\000\040\000n\000g\000h\000i\036\307\000p\000\040\000v\036\345}{section.1}% 4
\BOOKMARK [3][-]{subsubsection.1.2.1}{\376\377\000Q\000u\000y\000\040\000t\036\257\000c\000\040\000v\036\301\000\040\000s\000i\000n\000h\000\040\000v\000i\000\352\000n}{subsection.1.2}% 5
\BOOKMARK [3][-]{subsubsection.1.2.2}{\376\377\000Q\000u\000y\000\040\000t\036\257\000c\000\040\000v\036\301\000\040\000m\000\364\000n\000\040\000h\036\315\000c\000\040\000v\000\340\000\040\000t\000i\000\352\000n\000\040\000q\000u\000y\036\277\000t}{subsection.1.2}% 6
\BOOKMARK [3][-]{subsubsection.1.2.3}{\376\377\000Q\000u\000y\000\040\000t\036\257\000c\000\040\000v\036\301\000\040\000l\036\333\000p\000\040\000h\036\315\000c\000\040\000p\000h\036\247\000n\000\040\000v\000\340\000\040\000l\036\313\000c\000h\000\040\000h\036\315\000c}{subsection.1.2}% 7
\BOOKMARK [3][-]{subsubsection.1.2.4}{\376\377\000Q\000u\000y\000\040\000t\036\257\000c\000\040\000v\036\301\000\040\001\021\036\343\000t\000\040\001\021\001\003\000n\000g\000\040\000k\000\375}{subsection.1.2}% 8
\BOOKMARK [3][-]{subsubsection.1.2.5}{\376\377\000Q\000u\000y\000\040\000t\036\257\000c\000\040\000v\036\301\000\040\000b\036\243\000o\000\040\000m\036\255\000t\000\040\001\021\001\003\000n\000g\000\040\000n\000h\036\255\000p}{subsection.1.2}% 9
\BOOKMARK [3][-]{subsubsection.1.2.6}{\376\377\000Q\000u\000y\000\040\000t\036\257\000c\000\040\000v\036\301\000\040\000h\036\315\000c\000\040\000p\000h\000\355}{subsection.1.2}% 10
\BOOKMARK [2][-]{subsection.1.3}{\376\377\000D\000a\000n\000h\000\040\000s\000\341\000c\000h\000\040\000c\000\341\000c\000\040\000t\000h\036\361\000c\000\040\000t\000h\036\303\000\040\000\050\000E\000n\000t\000i\000t\000y\000\051}{section.1}% 11
\BOOKMARK [2][-]{subsection.1.4}{\376\377\000T\000h\000u\036\331\000c\000\040\000t\000\355\000n\000h\000\040\000c\036\347\000a\000\040\000c\000\341\000c\000\040\000t\000h\036\361\000c\000\040\000t\000h\036\303}{section.1}% 12
\BOOKMARK [3][-]{subsubsection.1.4.1}{\376\377\000T\000h\036\361\000c\000\040\000t\000h\036\303\000\040\000G\000I\000A\000O\000V\000I\000E\000N}{subsection.1.4}% 13
\BOOKMARK [3][-]{subsubsection.1.4.2}{\376\377\000T\000h\036\361\000c\000\040\000t\000h\036\303\000\040\000S\000I\000N\000H\000V\000I\000E\000N}{subsection.1.4}% 14
\BOOKMARK [3][-]{subsubsection.1.4.3}{\376\377\000T\000h\036\361\000c\000\040\000t\000h\036\303\000\040\000C\000H\000U\000O\000N\000G\000T\000R\000I\000N\000H\000\137\000D\000A\000O\000T\000A\000O\000\040\000v\000\340\000\040\000b\036\243\000n\000g\000\040\000l\000i\000\352\000n\000\040\000k\036\277\000t\000\040\000C\000T\000D\000T\000\137\000M\000O\000N\000H\000O\000C}{subsection.1.4}% 15
\BOOKMARK [3][-]{subsubsection.1.4.4}{\376\377\000T\000h\036\361\000c\000\040\000t\000h\036\303\000\040\000L\000O\000P\000H\000O\000C\000P\000H\000A\000N}{subsection.1.4}% 16
\BOOKMARK [3][-]{subsubsection.1.4.5}{\376\377\000T\000h\036\361\000c\000\040\000t\000h\036\303\000\040\000y\036\277\000u\000\040\000L\000I\000C\000H\000H\000O\000C}{subsection.1.4}% 17
\BOOKMARK [3][-]{subsubsection.1.4.6}{\376\377\000B\036\243\000n\000g\000\040\000D\000A\000N\000G\000K\000Y}{subsection.1.4}% 18
\BOOKMARK [3][-]{subsubsection.1.4.7}{\376\377\000T\000h\036\361\000c\000\040\000t\000h\036\303\000\040\000K\000E\000T\000Q\000U\000A\000\137\000H\000O\000C\000T\000A\000P}{subsection.1.4}% 19
\BOOKMARK [3][-]{subsubsection.1.4.8}{\376\377\000T\000h\036\361\000c\000\040\000t\000h\036\303\000\040\000H\000O\000C\000P\000H\000I}{subsection.1.4}% 20
\BOOKMARK [2][-]{subsection.1.5}{\376\377\000C\000\341\000c\000\040\000m\036\321\000i\000\040\000q\000u\000a\000n\000\040\000h\036\307\000\040\000g\000i\036\357\000a\000\040\000t\000h\036\361\000c\000\040\000t\000h\036\303}{section.1}% 21
\BOOKMARK [2][-]{subsection.1.6}{\376\377\000S\001\241\000\040\001\021\036\323\000\040\000T\000h\036\361\000c\000\040\000t\000h\036\303\000\040\000-\000\040\000L\000i\000\352\000n\000\040\000k\036\277\000t\000\040\000\050\000E\000R\000D\000\051}{section.1}% 22
\BOOKMARK [1][-]{section.2}{\376\377\000P\000H\036\246\000N\000\040\000I\000I\000:\000\040\000C\000H\000U\000Y\036\302\000N\000\040\000T\036\352\000\040\000M\000\324\000\040\000H\000\314\000N\000H\000\040\000E\000R\000\040\000S\000A\000N\000G\000\040\000M\000\324\000\040\000H\000\314\000N\000H\000\040\000Q\000U\000A\000N\000\040\000H\036\306}{}% 23
\BOOKMARK [2][-]{subsection.2.1}{\376\377\000L\001\260\036\343\000c\000\040\001\021\036\323\000\040\000q\000u\000a\000n\000\040\000h\036\307\000\040\000m\036\351\000c\000\040\000l\000o\000g\000i\000c}{section.2}% 24
\BOOKMARK [2][-]{subsection.2.2}{\376\377\000G\000i\036\243\000i\000\040\000t\000h\000\355\000c\000h\000\040\000q\000u\000\341\000\040\000t\000r\000\354\000n\000h\000\040\000c\000h\000u\000y\036\303\000n\000\040\001\021\036\325\000i}{section.2}% 25
\BOOKMARK [3][-]{subsubsection.2.2.1}{\376\377\000T\000\341\000c\000h\000\040\000D\000A\000N\000G\000K\000Y\000\040\000v\000\340\000\040\000K\000E\000T\000Q\000U\000A\000\137\000H\000O\000C\000T\000A\000P\000\040\000t\000h\000\340\000n\000h\000\040\000h\000a\000i\000\040\000b\036\243\000n\000g\000\040\001\021\036\331\000c\000\040\000l\036\255\000p}{subsection.2.2}% 26
\BOOKMARK [3][-]{subsubsection.2.2.2}{\376\377\000C\000h\000u\036\251\000n\000\040\000h\000\363\000a\000\040\000l\036\313\000c\000h\000\040\000h\036\315\000c\000\040\000s\000a\000n\000g\000\040\000b\036\243\000n\000g\000\040\000L\000I\000C\000H\000H\000O\000C}{subsection.2.2}% 27
\BOOKMARK [3][-]{subsubsection.2.2.3}{\376\377\000B\036\243\000n\000g\000\040\000C\000H\000U\000O\000N\000G\000T\000R\000I\000N\000H\000\137\000D\000A\000O\000T\000A\000O\000\040\000v\000\340\000\040\000C\000T\000D\000T\000\137\000M\000O\000N\000H\000O\000C}{subsection.2.2}% 28
\BOOKMARK [3][-]{subsubsection.2.2.4}{\376\377\000B\036\243\000n\000g\000\040\000H\000O\000C\000P\000H\000I\000\040\000v\000\340\000\040\000c\036\331\000t\000\040\000t\000\355\000n\000h\000\040\000t\000o\000\341\000n\000\040\000P\000E\000R\000S\000I\000S\000T\000E\000D}{subsection.2.2}% 29
\BOOKMARK [1][-]{section.3}{\376\377\000P\000H\036\246\000N\000\040\000I\000I\000I\000:\000\040\000X\000\301\000C\000\040\001\020\036\312\000N\000H\000\040\000K\000H\000O\000\301}{}% 30
\BOOKMARK [2][-]{subsection.3.1}{\376\377\000K\000h\000o\000\341\000\040\000c\000h\000\355\000n\000h\000\040\000\050\000P\000r\000i\000m\000a\000r\000y\000\040\000K\000e\000y\000\051}{section.3}% 31
\BOOKMARK [2][-]{subsection.3.2}{\376\377\000K\000h\000o\000\341\000\040\000d\036\361\000\040\000t\000u\000y\036\303\000n\000\040\000\050\000C\000a\000n\000d\000i\000d\000a\000t\000e\000\040\000K\000e\000y\000\051}{section.3}% 32
\BOOKMARK [2][-]{subsection.3.3}{\376\377\000K\000h\000o\000\341\000\040\000n\000g\000o\036\241\000i\000\040\000\050\000F\000o\000r\000e\000i\000g\000n\000\040\000K\000e\000y\000\051}{section.3}% 33
\BOOKMARK [1][-]{section.4}{\376\377\000P\000H\036\246\000N\000\040\000I\000V\000:\000\040\000C\000H\000U\036\250\000N\000\040\000H\000\323\000A\000\040\000L\001\257\036\342\000C\000\040\001\020\036\322\000\040\000Q\000U\000A\000N\000\040\000H\036\306\000\040\000T\000H\000\300\000N\000H\000\040\000D\036\240\000N\000G\000\040\000C\000H\000U\036\250\000N\000\040\0003\000N\000F}{}% 34
\BOOKMARK [2][-]{subsection.4.1}{\376\377\000D\036\241\000n\000g\000\040\000c\000h\000u\036\251\000n\000\040\0001\000\040\000\050\0001\000N\000F\000\051}{section.4}% 35
\BOOKMARK [2][-]{subsection.4.2}{\376\377\000D\036\241\000n\000g\000\040\000c\000h\000u\036\251\000n\000\040\0002\000\040\000\050\0002\000N\000F\000\051}{section.4}% 36
\BOOKMARK [2][-]{subsection.4.3}{\376\377\000D\036\241\000n\000g\000\040\000c\000h\000u\036\251\000n\000\040\0003\000\040\000\050\0003\000N\000F\000\051}{section.4}% 37
\BOOKMARK [3][-]{subsubsection.4.3.1}{\376\377\000P\000h\000\342\000n\000\040\000t\000\355\000c\000h\000\040\000b\036\243\000n\000g\000\040\000G\000I\000A\000O\000V\000I\000E\000N\000\040\000v\000\340\000\040\000S\000I\000N\000H\000V\000I\000E\000N}{subsection.4.3}% 38
\BOOKMARK [3][-]{subsubsection.4.3.2}{\376\377\000P\000h\000\342\000n\000\040\000t\000\355\000c\000h\000\040\000b\036\243\000n\000g\000\040\000D\000A\000N\000G\000K\000Y}{subsection.4.3}% 39
\BOOKMARK [3][-]{subsubsection.4.3.3}{\376\377\000P\000h\000\342\000n\000\040\000t\000\355\000c\000h\000\040\000b\036\243\000n\000g\000\040\000K\000E\000T\000Q\000U\000A\000\137\000H\000O\000C\000T\000A\000P}{subsection.4.3}% 40
\BOOKMARK [3][-]{subsubsection.4.3.4}{\376\377\000P\000h\000\342\000n\000\040\000t\000\355\000c\000h\000\040\000b\036\243\000n\000g\000\040\000H\000O\000C\000P\000H\000I}{subsection.4.3}% 41
\BOOKMARK [3][-]{subsubsection.4.3.5}{\376\377\000P\000h\000\342\000n\000\040\000t\000\355\000c\000h\000\040\000b\036\243\000n\000g\000\040\000L\000I\000C\000H\000H\000O\000C}{subsection.4.3}% 42
\BOOKMARK [3][-]{subsubsection.4.3.6}{\376\377\000P\000h\000\342\000n\000\040\000t\000\355\000c\000h\000\040\000b\036\243\000n\000g\000\040\000C\000T\000D\000T\000\137\000M\000O\000N\000H\000O\000C}{subsection.4.3}% 43
\BOOKMARK [3][-]{subsubsection.4.3.7}{\376\377\000T\036\325\000n\000g\000\040\000k\036\277\000t\000\040\000c\000h\000u\036\251\000n\000\040\000h\000\363\000a}{subsection.4.3}% 44
\BOOKMARK [1][-]{section.5}{\376\377\000P\000H\036\246\000N\000\040\000V\000:\000\040\000C\000\302\000U\000\040\000L\036\306\000N\000H\000\040\000T\000R\000U\000Y\000\040\000V\036\244\000N\000\040\000D\036\356\000\040\000L\000I\036\306\000U\000\040\000S\000Q\000L}{}% 45
\BOOKMARK [2][-]{subsection.5.1}{\376\377\000D\000D\000L\000\040\040\023\000\040\000T\036\241\000o\000\040\000c\036\245\000u\000\040\000t\000r\000\372\000c\000\040\000c\001\241\000\040\000s\036\337\000\040\000d\036\357\000\040\000l\000i\036\307\000u}{section.5}% 46
\BOOKMARK [3][-]{subsubsection.5.1.1}{\376\377\000K\000h\036\337\000i\000\040\000t\036\241\000o\000\040\000d\000a\000t\000a\000b\000a\000s\000e}{subsection.5.1}% 47
\BOOKMARK [3][-]{subsubsection.5.1.2}{\376\377\000T\036\241\000o\000\040\000b\036\243\000n\000g\000\040\000G\000I\000A\000O\000V\000I\000E\000N\000,\000\040\000M\000O\000N\000H\000O\000C\000\040\000v\000\340\000\040\000C\000H\000U\000O\000N\000G\000T\000R\000I\000N\000H\000\137\000D\000A\000O\000T\000A\000O}{subsection.5.1}% 48
\BOOKMARK [3][-]{subsubsection.5.1.3}{\376\377\000T\036\241\000o\000\040\000b\036\243\000n\000g\000\040\000L\000O\000P\000H\000O\000C\000,\000\040\000S\000I\000N\000H\000V\000I\000E\000N\000,\000\040\000D\000O\000T\000D\000A\000N\000G\000K\000Y}{subsection.5.1}% 49
\BOOKMARK [3][-]{subsubsection.5.1.4}{\376\377\000T\036\241\000o\000\040\000b\036\243\000n\000g\000\040\000L\000O\000P\000H\000O\000C\000P\000H\000A\000N\000,\000\040\000L\000I\000C\000H\000H\000O\000C\000\040\000v\000\340\000\040\000Y\000E\000U\000C\000A\000U\000\137\000T\000I\000E\000N\000Q\000U\000Y\000E\000T}{subsection.5.1}% 50
\BOOKMARK [3][-]{subsubsection.5.1.5}{\376\377\000T\036\241\000o\000\040\000b\036\243\000n\000g\000\040\000D\000A\000N\000G\000K\000Y\000,\000\040\000K\000E\000T\000Q\000U\000A\000\137\000H\000O\000C\000T\000A\000P\000\040\000v\000\340\000\040\000H\000O\000C\000P\000H\000I}{subsection.5.1}% 51
\BOOKMARK [2][-]{subsection.5.2}{\376\377\000D\000M\000L\000\040\040\023\000\040\000N\000h\036\255\000p\000\040\000d\036\357\000\040\000l\000i\036\307\000u\000\040\000m\036\253\000u}{section.5}% 52
\BOOKMARK [2][-]{subsection.5.3}{\376\377\000S\000E\000L\000E\000C\000T\000\040\040\023\000\040\000T\000r\000u\000y\000\040\000v\036\245\000n\000\040\000d\036\357\000\040\000l\000i\036\307\000u}{section.5}% 53
\BOOKMARK [3][-]{subsubsection.5.3.1}{\376\377\000D\000a\000n\000h\000\040\000s\000\341\000c\000h\000\040\000s\000i\000n\000h\000\040\000v\000i\000\352\000n\000\040\000v\000\340\000\040\000l\036\313\000c\000h\000\040\000h\036\315\000c\000\040\000p\000h\036\247\000n\000\040\001\021\000a\000n\000g\000\040\001\021\001\003\000n\000g\000\040\000k\000\375}{subsection.5.3}% 54
\BOOKMARK [3][-]{subsubsection.5.3.2}{\376\377\000B\036\243\000n\000g\000\040\001\021\000i\036\303\000m\000\040\000c\000h\000i\000\040\000t\000i\036\277\000t}{subsection.5.3}% 55
\BOOKMARK [3][-]{subsubsection.5.3.3}{\376\377\000G\000P\000A\000\040\000t\000\355\000c\000h\000\040\000l\001\151\000y\000\040\000v\000\340\000\040\000x\036\277\000p\000\040\000l\000o\036\241\000i\000\040\000h\036\315\000c\000\040\000l\036\361\000c}{subsection.5.3}% 56
\BOOKMARK [3][-]{subsubsection.5.3.4}{\376\377\000K\000i\036\303\000m\000\040\000t\000r\000a\000\040\001\021\000i\036\301\000u\000\040\000k\000i\036\307\000n\000\040\000t\000i\000\352\000n\000\040\000q\000u\000y\036\277\000t}{subsection.5.3}% 57
\BOOKMARK [3][-]{subsubsection.5.3.5}{\376\377\000T\000\354\000n\000h\000\040\000t\000r\036\241\000n\000g\000\040\000l\036\333\000p\000\040\000h\036\315\000c\000\040\000p\000h\036\247\000n\000\040\000v\000\340\000\040\000l\036\313\000c\000h\000\040\000h\036\315\000c}{subsection.5.3}% 58
\BOOKMARK [3][-]{subsubsection.5.3.6}{\376\377\000S\000i\000n\000h\000\040\000v\000i\000\352\000n\000\040\000n\036\343\000\040\000m\000\364\000n}{subsection.5.3}% 59
\BOOKMARK [2][-]{subsection.5.4}{\376\377\000S\000t\000o\000r\000e\000d\000\040\000P\000r\000o\000c\000e\000d\000u\000r\000e\000\040\040\023\000\040\000Q\000u\036\243\000n\000\040\000l\000\375\000\040\001\021\001\003\000n\000g\000\040\000k\000\375}{section.5}% 60
\BOOKMARK [3][-]{subsubsection.5.4.1}{\376\377\000S\000P\000\137\000D\000a\000n\000g\000K\000y\000T\000i\000n\000C\000h\000i\000\040\040\023\000\040\0007\000\040\000b\001\260\036\333\000c\000\040\000k\000i\036\303\000m\000\040\000t\000r\000a}{subsection.5.4}% 61
\BOOKMARK [3][-]{subsubsection.5.4.2}{\376\377\000S\000P\000\137\000H\000u\000y\000D\000a\000n\000g\000K\000y\000\040\000v\000\340\000\040\000S\000P\000\137\000M\000o\000n\000C\000o\000T\000h\000e\000D\000a\000n\000g\000K\000y}{subsection.5.4}% 62
\BOOKMARK [3][-]{subsubsection.5.4.3}{\376\377\000S\000P\000\137\000B\000a\000c\000k\000u\000p\000D\000a\000t\000a\000b\000a\000s\000e\000\040\000v\000\340\000\040\000S\000P\000\137\000R\000e\000s\000t\000o\000r\000e\000D\000a\000t\000a\000b\000a\000s\000e}{subsection.5.4}% 63
\BOOKMARK [2][-]{subsection.5.5}{\376\377\000T\000r\000i\000g\000g\000e\000r\000\040\040\023\000\040\001\020\036\243\000m\000\040\000b\036\243\000o\000\040\000t\000o\000\340\000n\000\040\000v\036\271\000n\000\040\000d\036\357\000\040\000l\000i\036\307\000u}{section.5}% 64
\BOOKMARK [2][-]{subsection.5.6}{\376\377\000V\000i\000e\000w\000\040\040\023\000\040\0005\000\040\000v\000i\000e\000w\000\040\000p\000h\000\342\000n\000\040\000t\000\355\000c\000h}{section.5}% 65
\BOOKMARK [2][-]{subsection.5.7}{\376\377\001\020\000\341\000n\000h\000\040\000c\000h\036\311\000\040\000m\036\345\000c\000\040\040\023\000\040\000T\036\321\000i\000\040\001\260\000u\000\040\000h\000i\036\307\000u\000\040\000n\001\003\000n\000g\000\040\000t\000r\000u\000y\000\040\000v\036\245\000n}{section.5}% 66
\BOOKMARK [2][-]{subsection.5.8}{\376\377\000P\000h\000\342\000n\000\040\000q\000u\000y\036\301\000n\000\040\000h\036\307\000\040\000t\000h\036\321\000n\000g\000\040\040\023\000\040\0003\000\040\000R\000O\000L\000E}{section.5}% 67
\BOOKMARK [1][-]{section.6}{\376\377\000C\000H\001\257\001\240\000N\000G\000\040\0002\000:\000\040\000T\000R\000I\036\302\000N\000\040\000K\000H\000A\000I\000\040\000C\001\240\000\040\000S\036\336\000\040\000D\036\356\000\040\000L\000I\036\306\000U\000\040\000T\000R\000\312\000N\000\040\036\350\000N\000G\000\040\000D\036\344\000N\000G}{}% 68
\BOOKMARK [2][-]{subsection.6.1}{\376\377\000M\036\345\000c\000\040\000t\000i\000\352\000u\000\040\000t\000r\000i\036\303\000n\000\040\000k\000h\000a\000i}{section.6}% 69
\BOOKMARK [2][-]{subsection.6.2}{\376\377\000T\000r\000i\036\303\000n\000\040\000k\000h\000a\000i\000\040\000k\036\277\000t\000\040\000n\036\321\000i\000\040\000C\000S\000D\000L\000\040\000t\000r\000o\000n\000g\000\040\036\351\000n\000g\000\040\000d\036\345\000n\000g}{section.6}% 70
\BOOKMARK [3][-]{subsubsection.6.2.1}{\376\377\000K\036\277\000t\000\040\000n\036\321\000i\000\040\000v\000\340\000\040\000t\000r\000u\000y\000\040\000x\000u\036\245\000t\000\040\000d\036\357\000\040\000l\000i\036\307\000u}{subsection.6.2}% 71
\BOOKMARK [3][-]{subsubsection.6.2.2}{\376\377\000X\000\341\000c\000\040\000t\000h\036\361\000c\000\040\000v\000\340\000\040\000p\000h\000\342\000n\000\040\000q\000u\000y\036\301\000n}{subsection.6.2}% 72
\BOOKMARK [3][-]{subsubsection.6.2.3}{\376\377\001\020\036\323\000n\000g\000\040\000b\036\331\000\040\000t\000r\036\241\000n\000g\000\040\000t\000h\000\341\000i\000\040\000p\000h\000i\000\352\000n\000\040\000l\000\340\000m\000\040\000v\000i\036\307\000c}{subsection.6.2}% 73
\BOOKMARK [2][-]{subsection.6.3}{\376\377\000T\000h\036\361\000c\000\040\000h\000i\036\307\000n\000\040\000c\000\341\000c\000\040\000c\000h\036\351\000c\000\040\000n\001\003\000n\000g\000\040\000t\000r\000\352\000n\000\040\036\351\000n\000g\000\040\000d\036\345\000n\000g}{section.6}% 74
\BOOKMARK [3][-]{subsubsection.6.3.1}{\376\377\000N\000h\000\363\000m\000\040\000c\000h\036\351\000c\000\040\000n\001\003\000n\000g\000\040\000c\000h\000o\000\040\000S\000i\000n\000h\000\040\000v\000i\000\352\000n}{subsection.6.3}% 75
\BOOKMARK [3][-]{subsubsection.6.3.2}{\376\377\000N\000h\000\363\000m\000\040\000c\000h\036\351\000c\000\040\000n\001\003\000n\000g\000\040\000c\000h\000o\000\040\000G\000i\036\243\000n\000g\000\040\000v\000i\000\352\000n}{subsection.6.3}% 76
\BOOKMARK [3][-]{subsubsection.6.3.3}{\376\377\000N\000h\000\363\000m\000\040\000c\000h\036\351\000c\000\040\000n\001\003\000n\000g\000\040\000c\000h\000o\000\040\000Q\000u\036\243\000n\000\040\000t\000r\036\313\000\040\000v\000i\000\352\000n}{subsection.6.3}% 77
\BOOKMARK [2][-]{subsection.6.4}{\376\377\001\020\036\243\000m\000\040\000b\036\243\000o\000\040\000t\000o\000\340\000n\000\040\000v\036\271\000n\000\040\000d\036\357\000\040\000l\000i\036\307\000u\000\040\000k\000h\000i\000\040\000v\036\255\000n\000\040\000h\000\340\000n\000h}{section.6}% 78
\BOOKMARK [2][-]{subsection.6.5}{\376\377\001\020\000\341\000n\000h\000\040\000g\000i\000\341\000\040\000k\036\277\000t\000\040\000q\000u\036\243\000\040\000t\000r\000i\036\303\000n\000\040\000k\000h\000a\000i}{section.6}% 79
\BOOKMARK [1][-]{subsection.6.5}{\376\377\000K\036\277\000t\000\040\000l\000u\036\255\000n}{}% 80
\BOOKMARK [1][-]{subsection.6.5}{\376\377\000T\000\340\000i\000\040\000l\000i\036\307\000u\000\040\000t\000h\000a\000m\000\040\000k\000h\036\243\000o}{}% 81
